[2022-10-10 14:14:28,747] multiqc                                            [DEBUG  ]  No MultiQC config found: /usr/local/lib/python3.5/dist-packages/multiqc_config.yaml
[2022-10-10 14:14:28,747] multiqc                                            [DEBUG  ]  No MultiQC config found: /home/genwork2/yes/.multiqc_config.yaml
[2022-10-10 14:14:28,747] multiqc                                            [DEBUG  ]  No MultiQC config found: multiqc_config.yaml
[2022-10-10 14:14:28,747] multiqc                                            [DEBUG  ]  Command used: /usr/local/bin/multiqc QC/SRR1039508_fastqc.zip QC/SRR1039509_fastqc.zip QC/SRR1039513_fastqc.zip QC/SRR1039512_fastqc.zip -o QC -n multiqc_report
[2022-10-10 14:14:29,255] multiqc                                            [WARNING]  MultiQC Version v1.13 now available!
[2022-10-10 14:14:29,256] multiqc                                            [INFO   ]  This is MultiQC v1.8
[2022-10-10 14:14:29,256] multiqc                                            [DEBUG  ]  Command     : /usr/local/bin/multiqc QC/SRR1039508_fastqc.zip QC/SRR1039509_fastqc.zip QC/SRR1039513_fastqc.zip QC/SRR1039512_fastqc.zip -o QC -n multiqc_report
[2022-10-10 14:14:29,256] multiqc                                            [DEBUG  ]  Working dir : /home/genwork2/yes
[2022-10-10 14:14:29,256] multiqc                                            [INFO   ]  Template    : default
[2022-10-10 14:14:29,256] multiqc                                            [DEBUG  ]  Running Python 3.5.2 (default, Oct  8 2019, 13:06:37)  [GCC 5.4.0 20160609]
[2022-10-10 14:14:29,256] multiqc                                            [INFO   ]  Searching   : /home/genwork2/yes/QC/SRR1039508_fastqc.zip
[2022-10-10 14:14:29,256] multiqc                                            [INFO   ]  Searching   : /home/genwork2/yes/QC/SRR1039509_fastqc.zip
[2022-10-10 14:14:29,256] multiqc                                            [INFO   ]  Searching   : /home/genwork2/yes/QC/SRR1039513_fastqc.zip
[2022-10-10 14:14:29,256] multiqc                                            [INFO   ]  Searching   : /home/genwork2/yes/QC/SRR1039512_fastqc.zip
[2022-10-10 14:14:29,257] multiqc                                            [DEBUG  ]  Analysing modules: custom_content, conpair, peddy, methylQA, phantompeakqualtools, qualimap, preseq, quast, qorts, rna_seqc, rsem, rseqc, busco, goleft_indexcov, disambiguate, supernova, deeptools, sargasso, verifybamid, mirtrace, happy, homer, macs2, theta2, snpeff, gatk, htseq, bcftools, featureCounts, fgbio, dedup, damageprofiler, biobambam2, mtnucratio, picard, prokka, samblaster, samtools, sexdeterrmine, bamtools, jellyfish, vcftools, longranger, stacks, bbmap, bismark, biscuit, hicexplorer, hicup, hicpro, salmon, kallisto, slamdunk, star, hisat2, tophat, bowtie2, bowtie1, kat, leehom, adapterRemoval, clipandmerge, cutadapt, flexbar, trimmomatic, skewer, sortmerna, biobloomtools, fastq_screen, afterqc, fastp, fastqc, minionqc, mosdepth, clusterflow, bcl2fastq, interop, flash, seqyclean
[2022-10-10 14:14:29,257] multiqc                                            [DEBUG  ]  Using temporary directory for creating report: /tmp/tmpwii57xxz
[2022-10-10 14:14:29,776] multiqc.plots.bargraph                             [DEBUG  ]  Using matplotlib version 2.2.4
[2022-10-10 14:14:29,777] multiqc.plots.linegraph                            [DEBUG  ]  Using matplotlib version 2.2.4
[2022-10-10 14:14:29,778] multiqc                                            [DEBUG  ]  No samples found: custom_content
[2022-10-10 14:14:29,783] multiqc                                            [DEBUG  ]  No samples found: conpair
[2022-10-10 14:14:29,790] multiqc                                            [DEBUG  ]  No samples found: peddy
[2022-10-10 14:14:29,835] multiqc                                            [DEBUG  ]  No samples found: methylQA
[2022-10-10 14:14:29,839] multiqc                                            [DEBUG  ]  No samples found: phantompeakqualtools
[2022-10-10 14:14:29,846] multiqc                                            [DEBUG  ]  No samples found: qualimap
[2022-10-10 14:14:29,851] multiqc                                            [DEBUG  ]  No samples found: preseq
[2022-10-10 14:14:29,855] multiqc                                            [DEBUG  ]  No samples found: quast
[2022-10-10 14:14:29,860] multiqc                                            [DEBUG  ]  No samples found: qorts
[2022-10-10 14:14:29,865] multiqc                                            [DEBUG  ]  No samples found: rna_seqc
[2022-10-10 14:14:29,870] multiqc                                            [DEBUG  ]  No samples found: rsem
[2022-10-10 14:14:29,877] multiqc                                            [DEBUG  ]  No samples found: rseqc
[2022-10-10 14:14:29,882] multiqc                                            [DEBUG  ]  No samples found: busco
[2022-10-10 14:14:29,890] multiqc                                            [DEBUG  ]  No samples found: goleft_indexcov
[2022-10-10 14:14:29,895] multiqc                                            [DEBUG  ]  No samples found: disambiguate
[2022-10-10 14:14:29,900] multiqc                                            [DEBUG  ]  No samples found: supernova
[2022-10-10 14:14:29,908] multiqc                                            [DEBUG  ]  No samples found: deeptools
[2022-10-10 14:14:29,914] multiqc                                            [DEBUG  ]  No samples found: sargasso
[2022-10-10 14:14:29,919] multiqc                                            [DEBUG  ]  No samples found: verifybamid
[2022-10-10 14:14:29,924] multiqc                                            [DEBUG  ]  No samples found: mirtrace
[2022-10-10 14:14:29,929] multiqc                                            [DEBUG  ]  No samples found: happy
[2022-10-10 14:14:29,935] multiqc                                            [DEBUG  ]  No samples found: homer
[2022-10-10 14:14:29,940] multiqc                                            [DEBUG  ]  No samples found: macs2
[2022-10-10 14:14:29,945] multiqc                                            [DEBUG  ]  No samples found: theta2
[2022-10-10 14:14:29,950] multiqc                                            [DEBUG  ]  No samples found: snpeff
[2022-10-10 14:14:29,957] multiqc                                            [DEBUG  ]  No samples found: gatk
[2022-10-10 14:14:29,962] multiqc                                            [DEBUG  ]  No samples found: htseq
[2022-10-10 14:14:29,966] multiqc                                            [DEBUG  ]  No samples found: bcftools
[2022-10-10 14:14:29,971] multiqc                                            [DEBUG  ]  No samples found: featureCounts
[2022-10-10 14:14:29,975] multiqc                                            [DEBUG  ]  No samples found: fgbio
[2022-10-10 14:14:29,979] multiqc                                            [DEBUG  ]  No samples found: dedup
[2022-10-10 14:14:29,982] multiqc                                            [DEBUG  ]  No samples found: damageprofiler
[2022-10-10 14:14:29,991] multiqc                                            [DEBUG  ]  No samples found: biobambam2
[2022-10-10 14:14:29,995] multiqc                                            [DEBUG  ]  No samples found: mtnucratio
[2022-10-10 14:14:29,998] multiqc                                            [DEBUG  ]  No samples found: picard
[2022-10-10 14:14:30,002] multiqc                                            [DEBUG  ]  No samples found: prokka
[2022-10-10 14:14:30,006] multiqc                                            [DEBUG  ]  No samples found: samblaster
[2022-10-10 14:14:30,010] multiqc                                            [DEBUG  ]  No samples found: samtools
[2022-10-10 14:14:30,015] multiqc                                            [DEBUG  ]  No samples found: sexdeterrmine
[2022-10-10 14:14:30,019] multiqc                                            [DEBUG  ]  No samples found: bamtools
[2022-10-10 14:14:30,027] multiqc                                            [DEBUG  ]  No samples found: jellyfish
[2022-10-10 14:14:30,034] multiqc                                            [DEBUG  ]  No samples found: vcftools
[2022-10-10 14:14:30,038] multiqc                                            [DEBUG  ]  No samples found: longranger
[2022-10-10 14:14:30,042] multiqc                                            [DEBUG  ]  No samples found: stacks
[2022-10-10 14:14:30,050] multiqc                                            [DEBUG  ]  No samples found: bbmap
[2022-10-10 14:14:30,055] multiqc                                            [DEBUG  ]  No samples found: bismark
[2022-10-10 14:14:30,059] multiqc                                            [DEBUG  ]  No samples found: biscuit
[2022-10-10 14:14:30,064] multiqc                                            [DEBUG  ]  No samples found: hicexplorer
[2022-10-10 14:14:30,068] multiqc                                            [DEBUG  ]  No samples found: hicup
[2022-10-10 14:14:30,071] multiqc                                            [DEBUG  ]  No samples found: hicpro
[2022-10-10 14:14:30,075] multiqc                                            [DEBUG  ]  No samples found: salmon
[2022-10-10 14:14:30,079] multiqc                                            [DEBUG  ]  No samples found: kallisto
[2022-10-10 14:14:30,083] multiqc                                            [DEBUG  ]  No samples found: slamdunk
[2022-10-10 14:14:30,087] multiqc                                            [DEBUG  ]  No samples found: star
[2022-10-10 14:14:30,091] multiqc                                            [DEBUG  ]  No samples found: hisat2
[2022-10-10 14:14:30,095] multiqc                                            [DEBUG  ]  No samples found: tophat
[2022-10-10 14:14:30,099] multiqc                                            [DEBUG  ]  No samples found: bowtie2
[2022-10-10 14:14:30,103] multiqc                                            [DEBUG  ]  No samples found: bowtie1
[2022-10-10 14:14:30,106] multiqc                                            [DEBUG  ]  No samples found: kat
[2022-10-10 14:14:30,110] multiqc                                            [DEBUG  ]  No samples found: leehom
[2022-10-10 14:14:30,114] multiqc                                            [DEBUG  ]  No samples found: adapterRemoval
[2022-10-10 14:14:30,118] multiqc                                            [DEBUG  ]  No samples found: clipandmerge
[2022-10-10 14:14:30,122] multiqc                                            [DEBUG  ]  No samples found: cutadapt
[2022-10-10 14:14:30,126] multiqc                                            [DEBUG  ]  No samples found: flexbar
[2022-10-10 14:14:30,130] multiqc                                            [DEBUG  ]  No samples found: trimmomatic
[2022-10-10 14:14:30,134] multiqc                                            [DEBUG  ]  No samples found: skewer
[2022-10-10 14:14:30,138] multiqc                                            [DEBUG  ]  No samples found: sortmerna
[2022-10-10 14:14:30,142] multiqc                                            [DEBUG  ]  No samples found: biobloomtools
[2022-10-10 14:14:30,147] multiqc                                            [DEBUG  ]  No samples found: fastq_screen
[2022-10-10 14:14:30,151] multiqc                                            [DEBUG  ]  No samples found: afterqc
[2022-10-10 14:14:30,155] multiqc                                            [DEBUG  ]  No samples found: fastp
[2022-10-10 14:14:30,200] multiqc.modules.fastqc.fastqc                      [INFO   ]  Found 4 reports
[2022-10-10 14:14:30,279] multiqc                                            [DEBUG  ]  No samples found: minionqc
[2022-10-10 14:14:30,283] multiqc                                            [DEBUG  ]  No samples found: mosdepth
[2022-10-10 14:14:30,287] multiqc                                            [DEBUG  ]  No samples found: clusterflow
[2022-10-10 14:14:30,291] multiqc                                            [DEBUG  ]  No samples found: bcl2fastq
[2022-10-10 14:14:30,295] multiqc                                            [DEBUG  ]  No samples found: interop
[2022-10-10 14:14:30,299] multiqc                                            [DEBUG  ]  No samples found: flash
[2022-10-10 14:14:30,302] multiqc                                            [DEBUG  ]  No samples found: seqyclean
[2022-10-10 14:14:30,309] multiqc                                            [INFO   ]  Compressing plot data
[2022-10-10 14:14:30,376] multiqc                                            [INFO   ]  Report      : QC/multiqc_report.html
[2022-10-10 14:14:30,376] multiqc                                            [INFO   ]  Data        : QC/multiqc_report_data
[2022-10-10 14:14:30,376] multiqc                                            [DEBUG  ]  Moving data file from '/tmp/tmpwii57xxz/multiqc_data/multiqc_general_stats.txt' to 'QC/multiqc_report_data'
[2022-10-10 14:14:30,376] multiqc                                            [DEBUG  ]  Moving data file from '/tmp/tmpwii57xxz/multiqc_data/multiqc_fastqc.txt' to 'QC/multiqc_report_data'
[2022-10-10 14:14:30,377] multiqc                                            [DEBUG  ]  Moving data file from '/tmp/tmpwii57xxz/multiqc_data/multiqc_qualimap_bamqc_genome_results.txt' to 'QC/multiqc_report_data'
[2022-10-10 14:14:30,377] multiqc                                            [DEBUG  ]  Moving data file from '/tmp/tmpwii57xxz/multiqc_data/multiqc_data.json' to 'QC/multiqc_report_data'
[2022-10-10 14:14:30,377] multiqc                                            [DEBUG  ]  Moving data file from '/tmp/tmpwii57xxz/multiqc_data/multiqc_sources.txt' to 'QC/multiqc_report_data'
[2022-10-10 14:14:30,492] multiqc                                            [INFO   ]  MultiQC complete
