[2022-10-10 13:28:47,372] multiqc                                            [DEBUG  ]  No MultiQC config found: /usr/local/lib/python3.5/dist-packages/multiqc_config.yaml
[2022-10-10 13:28:47,372] multiqc                                            [DEBUG  ]  No MultiQC config found: /home/genwork2/yes/.multiqc_config.yaml
[2022-10-10 13:28:47,372] multiqc                                            [DEBUG  ]  No MultiQC config found: multiqc_config.yaml
[2022-10-10 13:28:47,372] multiqc                                            [DEBUG  ]  Command used: /usr/local/bin/multiqc QC/SRR1039508_R2_fastqc.zip QC/SRR1039513_R2_fastqc.zip QC/SRR1039513_R1_fastqc.zip QC/SRR1039512_R1_fastqc.zip QC/SRR1039508_R1_fastqc.zip QC/SRR1039509_R1_fastqc.zip QC/SRR1039512_R2_fastqc.zip QC/SRR1039509_R2_fastqc.zip -o QC -n multiqc_report
[2022-10-10 13:28:47,952] multiqc                                            [WARNING]  MultiQC Version v1.13 now available!
[2022-10-10 13:28:47,952] multiqc                                            [INFO   ]  This is MultiQC v1.8
[2022-10-10 13:28:47,952] multiqc                                            [DEBUG  ]  Command     : /usr/local/bin/multiqc QC/SRR1039508_R2_fastqc.zip QC/SRR1039513_R2_fastqc.zip QC/SRR1039513_R1_fastqc.zip QC/SRR1039512_R1_fastqc.zip QC/SRR1039508_R1_fastqc.zip QC/SRR1039509_R1_fastqc.zip QC/SRR1039512_R2_fastqc.zip QC/SRR1039509_R2_fastqc.zip -o QC -n multiqc_report
[2022-10-10 13:28:47,952] multiqc                                            [DEBUG  ]  Working dir : /home/genwork2/yes
[2022-10-10 13:28:47,952] multiqc                                            [INFO   ]  Template    : default
[2022-10-10 13:28:47,952] multiqc                                            [DEBUG  ]  Running Python 3.5.2 (default, Oct  8 2019, 13:06:37)  [GCC 5.4.0 20160609]
[2022-10-10 13:28:47,953] multiqc                                            [INFO   ]  Searching   : /home/genwork2/yes/QC/SRR1039508_R2_fastqc.zip
[2022-10-10 13:28:47,953] multiqc                                            [INFO   ]  Searching   : /home/genwork2/yes/QC/SRR1039513_R2_fastqc.zip
[2022-10-10 13:28:47,953] multiqc                                            [INFO   ]  Searching   : /home/genwork2/yes/QC/SRR1039513_R1_fastqc.zip
[2022-10-10 13:28:47,953] multiqc                                            [INFO   ]  Searching   : /home/genwork2/yes/QC/SRR1039512_R1_fastqc.zip
[2022-10-10 13:28:47,953] multiqc                                            [INFO   ]  Searching   : /home/genwork2/yes/QC/SRR1039508_R1_fastqc.zip
[2022-10-10 13:28:47,953] multiqc                                            [INFO   ]  Searching   : /home/genwork2/yes/QC/SRR1039509_R1_fastqc.zip
[2022-10-10 13:28:47,953] multiqc                                            [INFO   ]  Searching   : /home/genwork2/yes/QC/SRR1039512_R2_fastqc.zip
[2022-10-10 13:28:47,954] multiqc                                            [INFO   ]  Searching   : /home/genwork2/yes/QC/SRR1039509_R2_fastqc.zip
[2022-10-10 13:28:47,954] multiqc                                            [DEBUG  ]  Analysing modules: custom_content, conpair, peddy, methylQA, phantompeakqualtools, qualimap, preseq, quast, qorts, rna_seqc, rsem, rseqc, busco, goleft_indexcov, disambiguate, supernova, deeptools, sargasso, verifybamid, mirtrace, happy, homer, macs2, theta2, snpeff, gatk, htseq, bcftools, featureCounts, fgbio, dedup, damageprofiler, biobambam2, mtnucratio, picard, prokka, samblaster, samtools, sexdeterrmine, bamtools, jellyfish, vcftools, longranger, stacks, bbmap, bismark, biscuit, hicexplorer, hicup, hicpro, salmon, kallisto, slamdunk, star, hisat2, tophat, bowtie2, bowtie1, kat, leehom, adapterRemoval, clipandmerge, cutadapt, flexbar, trimmomatic, skewer, sortmerna, biobloomtools, fastq_screen, afterqc, fastp, fastqc, minionqc, mosdepth, clusterflow, bcl2fastq, interop, flash, seqyclean
[2022-10-10 13:28:47,955] multiqc                                            [DEBUG  ]  Using temporary directory for creating report: /tmp/tmp5tm7qkod
[2022-10-10 13:28:48,452] multiqc.plots.bargraph                             [DEBUG  ]  Using matplotlib version 2.2.4
[2022-10-10 13:28:48,453] multiqc.plots.linegraph                            [DEBUG  ]  Using matplotlib version 2.2.4
[2022-10-10 13:28:48,454] multiqc                                            [DEBUG  ]  No samples found: custom_content
[2022-10-10 13:28:48,458] multiqc                                            [DEBUG  ]  No samples found: conpair
[2022-10-10 13:28:48,463] multiqc                                            [DEBUG  ]  No samples found: peddy
[2022-10-10 13:28:48,488] multiqc                                            [DEBUG  ]  No samples found: methylQA
[2022-10-10 13:28:48,492] multiqc                                            [DEBUG  ]  No samples found: phantompeakqualtools
[2022-10-10 13:28:48,497] multiqc                                            [DEBUG  ]  No samples found: qualimap
[2022-10-10 13:28:48,502] multiqc                                            [DEBUG  ]  No samples found: preseq
[2022-10-10 13:28:48,505] multiqc                                            [DEBUG  ]  No samples found: quast
[2022-10-10 13:28:48,509] multiqc                                            [DEBUG  ]  No samples found: qorts
[2022-10-10 13:28:48,513] multiqc                                            [DEBUG  ]  No samples found: rna_seqc
[2022-10-10 13:28:48,517] multiqc                                            [DEBUG  ]  No samples found: rsem
[2022-10-10 13:28:48,523] multiqc                                            [DEBUG  ]  No samples found: rseqc
[2022-10-10 13:28:48,527] multiqc                                            [DEBUG  ]  No samples found: busco
[2022-10-10 13:28:48,531] multiqc                                            [DEBUG  ]  No samples found: goleft_indexcov
[2022-10-10 13:28:48,536] multiqc                                            [DEBUG  ]  No samples found: disambiguate
[2022-10-10 13:28:48,540] multiqc                                            [DEBUG  ]  No samples found: supernova
[2022-10-10 13:28:48,547] multiqc                                            [DEBUG  ]  No samples found: deeptools
[2022-10-10 13:28:48,551] multiqc                                            [DEBUG  ]  No samples found: sargasso
[2022-10-10 13:28:48,555] multiqc                                            [DEBUG  ]  No samples found: verifybamid
[2022-10-10 13:28:48,560] multiqc                                            [DEBUG  ]  No samples found: mirtrace
[2022-10-10 13:28:48,564] multiqc                                            [DEBUG  ]  No samples found: happy
[2022-10-10 13:28:48,569] multiqc                                            [DEBUG  ]  No samples found: homer
[2022-10-10 13:28:48,573] multiqc                                            [DEBUG  ]  No samples found: macs2
[2022-10-10 13:28:48,576] multiqc                                            [DEBUG  ]  No samples found: theta2
[2022-10-10 13:28:48,580] multiqc                                            [DEBUG  ]  No samples found: snpeff
[2022-10-10 13:28:48,586] multiqc                                            [DEBUG  ]  No samples found: gatk
[2022-10-10 13:28:48,590] multiqc                                            [DEBUG  ]  No samples found: htseq
[2022-10-10 13:28:48,594] multiqc                                            [DEBUG  ]  No samples found: bcftools
[2022-10-10 13:28:48,599] multiqc                                            [DEBUG  ]  No samples found: featureCounts
[2022-10-10 13:28:48,603] multiqc                                            [DEBUG  ]  No samples found: fgbio
[2022-10-10 13:28:48,606] multiqc                                            [DEBUG  ]  No samples found: dedup
[2022-10-10 13:28:48,610] multiqc                                            [DEBUG  ]  No samples found: damageprofiler
[2022-10-10 13:28:48,619] multiqc                                            [DEBUG  ]  No samples found: biobambam2
[2022-10-10 13:28:48,623] multiqc                                            [DEBUG  ]  No samples found: mtnucratio
[2022-10-10 13:28:48,626] multiqc                                            [DEBUG  ]  No samples found: picard
[2022-10-10 13:28:48,630] multiqc                                            [DEBUG  ]  No samples found: prokka
[2022-10-10 13:28:48,634] multiqc                                            [DEBUG  ]  No samples found: samblaster
[2022-10-10 13:28:48,638] multiqc                                            [DEBUG  ]  No samples found: samtools
[2022-10-10 13:28:48,642] multiqc                                            [DEBUG  ]  No samples found: sexdeterrmine
[2022-10-10 13:28:48,646] multiqc                                            [DEBUG  ]  No samples found: bamtools
[2022-10-10 13:28:48,650] multiqc                                            [DEBUG  ]  No samples found: jellyfish
[2022-10-10 13:28:48,655] multiqc                                            [DEBUG  ]  No samples found: vcftools
[2022-10-10 13:28:48,659] multiqc                                            [DEBUG  ]  No samples found: longranger
[2022-10-10 13:28:48,663] multiqc                                            [DEBUG  ]  No samples found: stacks
[2022-10-10 13:28:48,670] multiqc                                            [DEBUG  ]  No samples found: bbmap
[2022-10-10 13:28:48,674] multiqc                                            [DEBUG  ]  No samples found: bismark
[2022-10-10 13:28:48,678] multiqc                                            [DEBUG  ]  No samples found: biscuit
[2022-10-10 13:28:48,683] multiqc                                            [DEBUG  ]  No samples found: hicexplorer
[2022-10-10 13:28:48,687] multiqc                                            [DEBUG  ]  No samples found: hicup
[2022-10-10 13:28:48,691] multiqc                                            [DEBUG  ]  No samples found: hicpro
[2022-10-10 13:28:48,694] multiqc                                            [DEBUG  ]  No samples found: salmon
[2022-10-10 13:28:48,698] multiqc                                            [DEBUG  ]  No samples found: kallisto
[2022-10-10 13:28:48,702] multiqc                                            [DEBUG  ]  No samples found: slamdunk
[2022-10-10 13:28:48,706] multiqc                                            [DEBUG  ]  No samples found: star
[2022-10-10 13:28:48,710] multiqc                                            [DEBUG  ]  No samples found: hisat2
[2022-10-10 13:28:48,714] multiqc                                            [DEBUG  ]  No samples found: tophat
[2022-10-10 13:28:48,718] multiqc                                            [DEBUG  ]  No samples found: bowtie2
[2022-10-10 13:28:48,721] multiqc                                            [DEBUG  ]  No samples found: bowtie1
[2022-10-10 13:28:48,725] multiqc                                            [DEBUG  ]  No samples found: kat
[2022-10-10 13:28:48,728] multiqc                                            [DEBUG  ]  No samples found: leehom
[2022-10-10 13:28:48,732] multiqc                                            [DEBUG  ]  No samples found: adapterRemoval
[2022-10-10 13:28:48,736] multiqc                                            [DEBUG  ]  No samples found: clipandmerge
[2022-10-10 13:28:48,740] multiqc                                            [DEBUG  ]  No samples found: cutadapt
[2022-10-10 13:28:48,744] multiqc                                            [DEBUG  ]  No samples found: flexbar
[2022-10-10 13:28:48,748] multiqc                                            [DEBUG  ]  No samples found: trimmomatic
[2022-10-10 13:28:48,752] multiqc                                            [DEBUG  ]  No samples found: skewer
[2022-10-10 13:28:48,755] multiqc                                            [DEBUG  ]  No samples found: sortmerna
[2022-10-10 13:28:48,759] multiqc                                            [DEBUG  ]  No samples found: biobloomtools
[2022-10-10 13:28:48,763] multiqc                                            [DEBUG  ]  No samples found: fastq_screen
[2022-10-10 13:28:48,767] multiqc                                            [DEBUG  ]  No samples found: afterqc
[2022-10-10 13:28:48,771] multiqc                                            [DEBUG  ]  No samples found: fastp
[2022-10-10 13:28:48,858] multiqc.modules.fastqc.fastqc                      [INFO   ]  Found 8 reports
[2022-10-10 13:28:48,989] multiqc                                            [DEBUG  ]  No samples found: minionqc
[2022-10-10 13:28:48,993] multiqc                                            [DEBUG  ]  No samples found: mosdepth
[2022-10-10 13:28:48,997] multiqc                                            [DEBUG  ]  No samples found: clusterflow
[2022-10-10 13:28:49,001] multiqc                                            [DEBUG  ]  No samples found: bcl2fastq
[2022-10-10 13:28:49,006] multiqc                                            [DEBUG  ]  No samples found: interop
[2022-10-10 13:28:49,010] multiqc                                            [DEBUG  ]  No samples found: flash
[2022-10-10 13:28:49,014] multiqc                                            [DEBUG  ]  No samples found: seqyclean
[2022-10-10 13:28:49,027] multiqc                                            [INFO   ]  Compressing plot data
[2022-10-10 13:28:49,164] multiqc                                            [INFO   ]  Report      : QC/multiqc_report.html
[2022-10-10 13:28:49,164] multiqc                                            [INFO   ]  Data        : QC/multiqc_report_data
[2022-10-10 13:28:49,164] multiqc                                            [DEBUG  ]  Moving data file from '/tmp/tmp5tm7qkod/multiqc_data/multiqc_general_stats.txt' to 'QC/multiqc_report_data'
[2022-10-10 13:28:49,165] multiqc                                            [DEBUG  ]  Moving data file from '/tmp/tmp5tm7qkod/multiqc_data/multiqc_fastqc.txt' to 'QC/multiqc_report_data'
[2022-10-10 13:28:49,165] multiqc                                            [DEBUG  ]  Moving data file from '/tmp/tmp5tm7qkod/multiqc_data/multiqc_qualimap_bamqc_genome_results.txt' to 'QC/multiqc_report_data'
[2022-10-10 13:28:49,165] multiqc                                            [DEBUG  ]  Moving data file from '/tmp/tmp5tm7qkod/multiqc_data/multiqc_data.json' to 'QC/multiqc_report_data'
[2022-10-10 13:28:49,166] multiqc                                            [DEBUG  ]  Moving data file from '/tmp/tmp5tm7qkod/multiqc_data/multiqc_sources.txt' to 'QC/multiqc_report_data'
[2022-10-10 13:28:49,293] multiqc                                            [INFO   ]  MultiQC complete
